2025-08-06 17:02:58,764 - INFO - ==================================================
2025-08-06 17:03:09,468 - INFO - To resume from this step, run: python run_pipeline.py --start-from 0
2025-08-06 18:01:37,753 - INFO - ==================================================
2025-08-06 18:01:39,688 - INFO - To resume from this step, run: python run_pipeline.py --start-from 1
2025-08-11 12:48:13,231 - INFO - ==================================================
2025-08-11 12:48:15,381 - INFO - To resume from this step, run: python run_pipeline.py --start-from 1
2025-08-11 12:50:17,545 - INFO - ==================================================
2025-08-11 12:50:19,115 - INFO - To resume from this step, run: python run_pipeline.py --start-from 1
2025-08-11 12:51:21,186 - INFO - ==================================================
2025-08-11 12:51:22,766 - INFO - To resume from this step, run: python run_pipeline.py --start-from 1
2025-08-19 16:47:43,681 - INFO - ==================================================
2025-08-19 16:47:46,080 - INFO - To resume from this step, run: python run_pipeline.py --start-from 1
2025-08-21 07:34:56,909 - INFO - ==================================================
2025-08-21 07:34:59,652 - INFO - To resume from this step, run: python run_pipeline.py --start-from 1
2025-08-21 10:56:24,702 - INFO - ==================================================
2025-08-21 10:56:28,897 - INFO - To resume from this step, run: python run_pipeline.py --start-from 2
2025-08-21 10:56:54,819 - INFO - 🏥 Hospital Forecasting Pipeline Started
2025-08-21 10:56:54,821 - INFO - ==================================================
2025-08-21 10:56:54,821 - INFO - Starting: 🧹 Data Processing
2025-08-21 10:56:55,513 - ERROR - ❌ Failed: 🧹 Data Processing - Command '['C:\\Python312\\python.exe', 'src/data_processing/preprocess_data.py']' returned non-zero exit status 1.
2025-08-21 10:56:55,513 - ERROR - Pipeline failed at step 3: 🧹 Data Processing
2025-08-21 10:56:55,513 - INFO - To resume from this step, run: python run_pipeline.py --start-from 2
2025-08-21 10:58:05,219 - INFO - 🏥 Hospital Forecasting Pipeline Started
2025-08-21 10:58:05,219 - INFO - ==================================================
2025-08-21 10:58:05,220 - INFO - Starting: 🧹 Data Processing
2025-08-21 10:58:05,811 - INFO - ✅ Completed: 🧹 Data Processing (0.6s)
2025-08-21 10:58:05,811 - INFO - Starting: 🤖 Model Training
2025-08-21 10:58:15,285 - INFO - ✅ Completed: 🤖 Model Training (9.5s)
2025-08-21 10:58:15,285 - INFO - Starting: 📈 Dashboard Launch
2025-08-21 10:58:15,285 - INFO - 🚀 Launching dashboard... (This will open in your browser)
2025-08-21 10:58:15,285 - INFO - Press Ctrl+C to stop the dashboard
